<?xml version="1.0" encoding="UTF-8"?>
<!-- Generated by org.testng.reporters.JUnitReportReporter -->
<testsuite hostname="MANOJVARMA" failures="0" tests="3" name="githubtest.TestGrouping2" time="0.006" errors="0" timestamp="2024-02-24T20:53:07 IST" skipped="0">
  <testcase classname="githubtest.TestGrouping2" name="test_case006" time="0.001"/>
  <testcase classname="githubtest.TestGrouping2" name="test_case005" time="0.002"/>
  <testcase classname="githubtest.TestGrouping2" name="test_case004" time="0.003"/>
</testsuite> <!-- githubtest.TestGrouping2 -->
