<?xml version="1.0" encoding="UTF-8"?>
<!-- Generated by org.testng.reporters.JUnitReportReporter -->
<testsuite hostname="MANOJVARMA" failures="0" tests="3" name="githubtest.TestGrouping1" time="0.012" errors="0" timestamp="2024-02-24T20:53:07 IST" skipped="0">
  <testcase classname="githubtest.TestGrouping1" name="test_case001" time="0.009"/>
  <testcase classname="githubtest.TestGrouping1" name="test_case002" time="0.001"/>
  <testcase classname="githubtest.TestGrouping1" name="test_case003" time="0.002"/>
</testsuite> <!-- githubtest.TestGrouping1 -->
